<?xml version="1.0" encoding="UTF-8"?>
<!-- Generated by org.testng.reporters.JUnitXMLReporter -->
<testsuite ignored="0" hostname="LAPTOP-C2H4F96L" failures="0" tests="2" name="Default test" time="19.136" errors="0" timestamp="2023-08-24T03:20:02 EDT">
  <testcase classname="com.google.tests.RegisteredCustomersTest" name="validateForgotPassword" time="6.944"/>
  <testcase classname="com.google.tests.RegisteredCustomersTest" name="validateLogin" time="6.591"/>
</testsuite> <!-- Default test -->
