<?xml version="1.0" encoding="UTF-8"?>
<testng-results ignored="0" total="2" passed="2" failed="0" skipped="0">
  <reporter-output>
  </reporter-output>
  <suite started-at="2023-08-24T03:19:43 EDT" name="Default suite" finished-at="2023-08-24T03:20:02 EDT" duration-ms="19136">
    <groups>
    </groups>
    <test started-at="2023-08-24T03:19:43 EDT" name="Default test" finished-at="2023-08-24T03:20:02 EDT" duration-ms="19136">
      <class name="com.google.tests.RegisteredCustomersTest">
        <test-method is-config="true" signature="setup()[pri:0, instance:com.google.tests.RegisteredCustomersTest@2cae1042]" started-at="2023-08-24T03:19:43 EDT" name="setup" finished-at="2023-08-24T03:19:46 EDT" duration-ms="2937" status="PASS">
          <reporter-output>
          </reporter-output>
        </test-method> <!-- setup -->
        <test-method is-config="true" signature="launchURL()[pri:0, instance:com.google.tests.RegisteredCustomersTest@2cae1042]" started-at="2023-08-24T03:19:46 EDT" name="launchURL" finished-at="2023-08-24T03:19:48 EDT" duration-ms="1593" status="PASS">
          <reporter-output>
          </reporter-output>
        </test-method> <!-- launchURL -->
        <test-method signature="validateForgotPassword(java.lang.String,java.lang.String)[pri:0, instance:com.google.tests.RegisteredCustomersTest@2cae1042]" started-at="2023-08-24T03:19:48 EDT" name="validateForgotPassword" data-provider="validateForgotPasswordData" finished-at="2023-08-24T03:19:55 EDT" duration-ms="6944" status="PASS">
          <params>
            <param index="0">
              <value>
                <![CDATA[Forgot Your Password]]>
              </value>
            </param>
            <param index="1">
              <value>
                <![CDATA[Test1 Automation]]>
              </value>
            </param>
          </params>
          <reporter-output>
          </reporter-output>
        </test-method> <!-- validateForgotPassword -->
        <test-method is-config="true" signature="launchURL()[pri:0, instance:com.google.tests.RegisteredCustomersTest@2cae1042]" started-at="2023-08-24T03:19:55 EDT" name="launchURL" finished-at="2023-08-24T03:19:55 EDT" duration-ms="704" status="PASS">
          <reporter-output>
          </reporter-output>
        </test-method> <!-- launchURL -->
        <test-method signature="validateLogin(java.lang.String,java.lang.String)[pri:0, instance:com.google.tests.RegisteredCustomersTest@2cae1042]" started-at="2023-08-24T03:19:55 EDT" name="validateLogin" data-provider="validateLoginData" finished-at="2023-08-24T03:20:02 EDT" duration-ms="6591" status="PASS">
          <params>
            <param index="0">
              <value>
                <![CDATA[Customer Login]]>
              </value>
            </param>
            <param index="1">
              <value>
                <![CDATA[Test1 Automation]]>
              </value>
            </param>
          </params>
          <reporter-output>
          </reporter-output>
        </test-method> <!-- validateLogin -->
        <test-method is-config="true" signature="tearDown()[pri:0, instance:com.google.tests.RegisteredCustomersTest@2cae1042]" started-at="2023-08-24T03:20:02 EDT" name="tearDown" finished-at="2023-08-24T03:20:02 EDT" duration-ms="229" status="PASS">
          <reporter-output>
          </reporter-output>
        </test-method> <!-- tearDown -->
      </class> <!-- com.google.tests.RegisteredCustomersTest -->
    </test> <!-- Default test -->
  </suite> <!-- Default suite -->
</testng-results>
